{"timestamp": "2024-12-28 20:21:36.801525", "event": "connect", "sid": "5i-U2GtTRLu3R_iNAAAB"}
{"timestamp": "2024-12-28 20:21:37.109177", "event": "connect", "sid": "PohmKC23yzf_ZtIEAAAD"}
{"timestamp": "2024-12-28 20:21:37.224169", "event": "disconnect", "sid": "PohmKC23yzf_ZtIEAAAD"}
{"timestamp": "2024-12-28 20:21:37.278822", "event": "connect", "sid": "w2Hw0_pdTmCWugnmAAAF"}
{"timestamp": "2024-12-28 20:21:37.395838", "event": "disconnect", "sid": "w2Hw0_pdTmCWugnmAAAF"}
{"timestamp": "2024-12-28 20:21:37.459528", "event": "connect", "sid": "tVlMtfrdeFwyVQ1QAAAH"}
{"timestamp": "2024-12-28 20:21:37.572894", "event": "disconnect", "sid": "tVlMtfrdeFwyVQ1QAAAH"}
{"timestamp": "2024-12-28 20:21:37.639270", "event": "connect", "sid": "bJF1s0Gws8OOaXH9AAAJ"}
{"timestamp": "2024-12-28 20:21:38.062332", "event": "connect", "sid": "GBkYPqn5WkqR-zmHAAAL"}
{"timestamp": "2024-12-28 20:21:38.189141", "event": "disconnect", "sid": "GBkYPqn5WkqR-zmHAAAL"}
{"timestamp": "2024-12-28 20:21:38.287839", "event": "connect", "sid": "nQe1tHeszsm0UFhqAAAN"}
{"timestamp": "2024-12-28 20:21:38.415085", "event": "disconnect", "sid": "nQe1tHeszsm0UFhqAAAN"}
{"timestamp": "2024-12-28 20:21:38.506916", "event": "connect", "sid": "v30be7SUqYzBTJA1AAAP"}
{"timestamp": "2024-12-28 20:21:38.945064", "event": "connect", "sid": "Qr91oJ8Njj1X_Y-7AAAR"}
{"timestamp": "2024-12-28 20:21:39.059451", "event": "disconnect", "sid": "Qr91oJ8Njj1X_Y-7AAAR"}
{"timestamp": "2024-12-28 20:21:39.112468", "event": "connect", "sid": "lM5kX4xjAHM9fu5AAAAT"}
{"timestamp": "2024-12-28 20:21:39.287085", "event": "connect", "sid": "HrUlP6gH8wpfDxdTAAAV"}
{"timestamp": "2024-12-28 20:21:39.535344", "event": "connect", "sid": "GDt3QnEumAen2aLNAAAX"}
{"timestamp": "2024-12-28 20:21:39.745475", "event": "connect", "sid": "yO0XIerpIYAHjxf4AAAZ"}
{"timestamp": "2024-12-28 20:21:39.861989", "event": "disconnect", "sid": "yO0XIerpIYAHjxf4AAAZ"}
{"timestamp": "2024-12-28 20:21:39.915085", "event": "connect", "sid": "6qHPwUCpYM4rMj5JAAAb"}
{"timestamp": "2024-12-28 20:21:40.028950", "event": "disconnect", "sid": "6qHPwUCpYM4rMj5JAAAb"}
{"timestamp": "2024-12-28 20:21:40.166228", "event": "connect", "sid": "lcU_BcI3K8EohpeZAAAd"}
{"timestamp": "2024-12-28 20:21:40.285373", "event": "disconnect", "sid": "lcU_BcI3K8EohpeZAAAd"}
{"timestamp": "2024-12-28 20:21:40.358010", "event": "connect", "sid": "Yff6l9gL9q9snnWmAAAf"}
{"timestamp": "2024-12-28 20:21:40.473101", "event": "disconnect", "sid": "Yff6l9gL9q9snnWmAAAf"}
{"timestamp": "2024-12-28 20:21:40.526766", "event": "connect", "sid": "V-Au5Vg6ZO0TfLmQAAAh"}
{"timestamp": "2024-12-28 20:21:40.644694", "event": "disconnect", "sid": "V-Au5Vg6ZO0TfLmQAAAh"}
{"timestamp": "2024-12-28 20:21:40.701716", "event": "connect", "sid": "IRT--6jL1OtRr0FKAAAj"}
{"timestamp": "2024-12-28 20:21:41.125209", "event": "connect", "sid": "2yDTYz0MjP4KtyQKAAAl"}
{"timestamp": "2024-12-28 20:21:41.241523", "event": "disconnect", "sid": "2yDTYz0MjP4KtyQKAAAl"}
{"timestamp": "2024-12-28 20:21:41.303756", "event": "connect", "sid": "XjekiLUZrs4HwmvYAAAn"}
{"timestamp": "2024-12-28 20:21:41.432502", "event": "disconnect", "sid": "XjekiLUZrs4HwmvYAAAn"}
{"timestamp": "2024-12-28 20:21:41.726118", "event": "connect", "sid": "WAfW953n7oLZetaNAAAp"}
{"timestamp": "2024-12-28 20:21:41.839535", "event": "disconnect", "sid": "WAfW953n7oLZetaNAAAp"}
{"timestamp": "2024-12-28 20:21:41.889938", "event": "connect", "sid": "Ft32ugI6_JxKlkumAAAr"}
{"timestamp": "2024-12-28 20:21:42.061879", "event": "connect", "sid": "3RMqAy8ibtm2z9CVAAAt"}
{"timestamp": "2024-12-28 20:21:42.315473", "event": "connect", "sid": "Uz4mp2l35aUvl4coAAAv"}
{"timestamp": "2024-12-28 20:21:42.491103", "event": "connect", "sid": "3UJQHa3QPr0j0-kHAAAx"}
{"timestamp": "2024-12-28 20:21:42.603755", "event": "disconnect", "sid": "3UJQHa3QPr0j0-kHAAAx"}
{"timestamp": "2024-12-28 20:21:42.669399", "event": "connect", "sid": "eijwMqSgAHPEoE7KAAAz"}
{"timestamp": "2024-12-28 20:21:42.782509", "event": "disconnect", "sid": "eijwMqSgAHPEoE7KAAAz"}
{"timestamp": "2024-12-28 20:21:42.843163", "event": "connect", "sid": "KwjH0KEHDnIUutqRAAA1"}
{"timestamp": "2024-12-28 20:21:42.986473", "event": "disconnect", "sid": "KwjH0KEHDnIUutqRAAA1"}
{"timestamp": "2024-12-28 20:21:43.105224", "event": "connect", "sid": "9aZ_oJBbjsRWx8k5AAA3"}
{"timestamp": "2024-12-28 20:21:43.219690", "event": "disconnect", "sid": "9aZ_oJBbjsRWx8k5AAA3"}
{"timestamp": "2024-12-28 20:21:43.302593", "event": "connect", "sid": "m8F0h0Qqa509BmGNAAA5"}
{"timestamp": "2024-12-28 20:21:43.727457", "event": "connect", "sid": "B2AyrlUhMbDHSQpaAAA7"}
{"timestamp": "2024-12-28 20:21:43.841293", "event": "disconnect", "sid": "B2AyrlUhMbDHSQpaAAA7"}
{"timestamp": "2024-12-28 20:21:43.896956", "event": "connect", "sid": "gQ_f4-HaHEq5MJu2AAA9"}
{"timestamp": "2024-12-28 20:21:44.090374", "event": "connect", "sid": "3TQnOaX5NOBeVctsAAA_"}
{"timestamp": "2024-12-28 20:21:44.323678", "event": "connect", "sid": "ClsZ5ABEhPyDIBn5AABB"}
{"timestamp": "2024-12-28 20:21:44.513782", "event": "connect", "sid": "seOcq1QqMCqVAqpNAABD"}
{"timestamp": "2024-12-28 20:21:44.649051", "event": "disconnect", "sid": "seOcq1QqMCqVAqpNAABD"}
{"timestamp": "2024-12-28 20:21:44.729615", "event": "connect", "sid": "cIPL7CoKwl_kxa0RAABF"}
{"timestamp": "2024-12-28 20:21:44.850951", "event": "disconnect", "sid": "cIPL7CoKwl_kxa0RAABF"}
{"timestamp": "2024-12-28 20:21:44.933548", "event": "connect", "sid": "kMA1LcDU9wtdVPs2AABH"}
{"timestamp": "2024-12-28 20:21:45.050336", "event": "disconnect", "sid": "kMA1LcDU9wtdVPs2AABH"}
{"timestamp": "2024-12-28 20:21:45.111110", "event": "connect", "sid": "eUVX7Og3sT7c9rQhAABJ"}
{"timestamp": "2024-12-28 20:21:45.538778", "event": "connect", "sid": "pLKItySIy9BkkCWlAABL"}
{"timestamp": "2024-12-28 20:21:45.652626", "event": "disconnect", "sid": "pLKItySIy9BkkCWlAABL"}
{"timestamp": "2024-12-28 20:21:45.728916", "event": "connect", "sid": "xzFHywq8077zkhFxAABN"}
{"timestamp": "2024-12-28 20:21:45.854697", "event": "disconnect", "sid": "xzFHywq8077zkhFxAABN"}
{"timestamp": "2024-12-28 20:21:45.926294", "event": "connect", "sid": "TvsrFaAy35whspQKAABP"}
{"timestamp": "2024-12-28 20:21:46.376440", "event": "connect", "sid": "vjE_yZIf7Yn2FWQDAABR"}
{"timestamp": "2024-12-28 20:21:46.491094", "event": "disconnect", "sid": "vjE_yZIf7Yn2FWQDAABR"}
{"timestamp": "2024-12-28 20:21:46.561460", "event": "connect", "sid": "M36CO2CrbW3hJel_AABT"}
{"timestamp": "2024-12-28 20:21:46.685206", "event": "disconnect", "sid": "M36CO2CrbW3hJel_AABT"}
{"timestamp": "2024-12-28 20:21:46.773799", "event": "connect", "sid": "9jbH16Z8nYWUe6MMAABV"}
{"timestamp": "2024-12-28 20:21:47.200772", "event": "connect", "sid": "kn4jm9qybnKQWDorAABX"}
{"timestamp": "2024-12-28 20:21:47.310390", "event": "disconnect", "sid": "kn4jm9qybnKQWDorAABX"}
{"timestamp": "2024-12-28 20:21:47.566540", "event": "connect", "sid": "do2AkW0c9-HiekVFAABZ"}
{"timestamp": "2024-12-28 20:21:47.679728", "event": "disconnect", "sid": "do2AkW0c9-HiekVFAABZ"}
{"timestamp": "2024-12-28 20:21:47.789776", "event": "connect", "sid": "AMmyli8cAuR2w_MpAABb"}
{"timestamp": "2024-12-28 20:21:48.226303", "event": "connect", "sid": "wEUC16mXMZUpvxhFAABd"}
{"timestamp": "2024-12-28 20:21:48.465740", "event": "disconnect", "sid": "wEUC16mXMZUpvxhFAABd"}
{"timestamp": "2024-12-28 20:28:00.665482", "event": "connect", "sid": "ia_ZVSDKeHfHnkD6AAAB"}
{"timestamp": "2024-12-28 20:28:00.917582", "event": "connect", "sid": "W7TuQFdBDqji-vOvAAAD"}
{"timestamp": "2024-12-28 20:28:01.030132", "event": "disconnect", "sid": "W7TuQFdBDqji-vOvAAAD"}
{"timestamp": "2024-12-28 20:28:01.100059", "event": "connect", "sid": "O_hnK246tKRMwMdVAAAF"}
{"timestamp": "2024-12-28 20:28:01.215831", "event": "disconnect", "sid": "O_hnK246tKRMwMdVAAAF"}
{"timestamp": "2024-12-28 20:28:01.275757", "event": "connect", "sid": "0ap-u9CxhiEkDCoeAAAH"}
{"timestamp": "2024-12-28 20:28:01.399754", "event": "disconnect", "sid": "0ap-u9CxhiEkDCoeAAAH"}
{"timestamp": "2024-12-28 20:28:01.472108", "event": "connect", "sid": "dsTV_YBItpWffc0CAAAJ"}
{"timestamp": "2024-12-28 20:28:01.601294", "event": "disconnect", "sid": "dsTV_YBItpWffc0CAAAJ"}
{"timestamp": "2024-12-28 20:28:01.738263", "event": "connect", "sid": "fHruquWU0MhvWzkfAAAL"}
{"timestamp": "2024-12-28 20:28:02.157601", "event": "connect", "sid": "gpZQt20ZRQTaxkrRAAAN"}
{"timestamp": "2024-12-28 20:28:02.270103", "event": "disconnect", "sid": "gpZQt20ZRQTaxkrRAAAN"}
{"timestamp": "2024-12-28 20:28:02.322807", "event": "connect", "sid": "6DHxQzheQ7uf8Vy0AAAP"}
{"timestamp": "2024-12-28 20:28:02.489885", "event": "connect", "sid": "mO-Je-PflWa9KwKFAAAR"}
{"timestamp": "2024-12-28 20:28:02.743621", "event": "connect", "sid": "JH9FP-6FCBE0EpBDAAAT"}
{"timestamp": "2024-12-28 20:28:02.926683", "event": "connect", "sid": "emxVsL9e5GfFfUSzAAAV"}
{"timestamp": "2024-12-28 20:28:03.042088", "event": "disconnect", "sid": "emxVsL9e5GfFfUSzAAAV"}
{"timestamp": "2024-12-28 20:28:03.110315", "event": "connect", "sid": "E3iWRYQO9KY7QVCjAAAX"}
{"timestamp": "2024-12-28 20:28:03.227037", "event": "disconnect", "sid": "E3iWRYQO9KY7QVCjAAAX"}
{"timestamp": "2024-12-28 20:28:03.301696", "event": "connect", "sid": "-8AMeBm9QeCvqfzCAAAZ"}
{"timestamp": "2024-12-28 20:28:03.777645", "event": "connect", "sid": "X5igG0DOvi5mvXeBAAAb"}
{"timestamp": "2024-12-28 20:28:03.894331", "event": "disconnect", "sid": "X5igG0DOvi5mvXeBAAAb"}
{"timestamp": "2024-12-28 20:28:03.946377", "event": "connect", "sid": "WQ2iTkDY4OzE85VLAAAd"}
{"timestamp": "2024-12-28 20:28:04.371540", "event": "connect", "sid": "hfoYs-pXk6gfxcKzAAAf"}
{"timestamp": "2024-12-28 20:28:04.493866", "event": "disconnect", "sid": "hfoYs-pXk6gfxcKzAAAf"}
{"timestamp": "2024-12-28 20:28:07.566293", "event": "connect", "sid": "gvP3hqlg2OaArCQHAAAh"}
{"timestamp": "2024-12-28 20:28:07.682184", "event": "disconnect", "sid": "gvP3hqlg2OaArCQHAAAh"}
{"timestamp": "2024-12-28 20:28:07.772732", "event": "connect", "sid": "7QT7SxuOadhhjv1rAAAj"}
{"timestamp": "2024-12-28 20:28:08.082879", "event": "connect", "sid": "7wCtPC2MbLUaN1ATAAAl"}
{"timestamp": "2024-12-28 20:28:08.195049", "event": "disconnect", "sid": "7wCtPC2MbLUaN1ATAAAl"}
{"timestamp": "2024-12-28 20:28:08.253209", "event": "connect", "sid": "NFwNPuwjjAChGKbDAAAn"}
{"timestamp": "2024-12-28 20:28:08.368755", "event": "disconnect", "sid": "NFwNPuwjjAChGKbDAAAn"}
{"timestamp": "2024-12-28 20:28:08.435170", "event": "connect", "sid": "yRWHWQTkteP5M5yLAAAp"}
{"timestamp": "2024-12-28 20:28:08.557024", "event": "disconnect", "sid": "yRWHWQTkteP5M5yLAAAp"}
{"timestamp": "2024-12-28 20:28:08.663029", "event": "connect", "sid": "PcIObGbmSo2756VfAAAr"}
{"timestamp": "2024-12-28 20:28:09.087837", "event": "connect", "sid": "aNzEtKt_c-wSUFaTAAAt"}
{"timestamp": "2024-12-28 20:28:09.201510", "event": "disconnect", "sid": "aNzEtKt_c-wSUFaTAAAt"}
{"timestamp": "2024-12-28 20:28:09.251138", "event": "connect", "sid": "D84tUB_nTU-faWXSAAAv"}
{"timestamp": "2024-12-28 20:28:14.434444", "event": "message", "sid": "D84tUB_nTU-faWXSAAAv", "data": {"text": "\u043f\u0440\u0438\u0432\u0435\u0442", "author": "452"}}
{"timestamp": "2024-12-28 20:28:14.538924", "event": "disconnect", "sid": "D84tUB_nTU-faWXSAAAv"}
{"timestamp": "2024-12-28 20:28:14.610115", "event": "connect", "sid": "aJ7SEXe5rvOlqKo9AAAx"}
{"timestamp": "2024-12-28 20:28:14.725131", "event": "disconnect", "sid": "aJ7SEXe5rvOlqKo9AAAx"}
{"timestamp": "2024-12-28 20:28:14.791511", "event": "connect", "sid": "ffsT3fZ4144Nnt4aAAAz"}
{"timestamp": "2024-12-28 20:28:15.225802", "event": "connect", "sid": "mvGazW28nxQfhkWlAAA1"}
{"timestamp": "2024-12-28 20:28:15.340325", "event": "disconnect", "sid": "mvGazW28nxQfhkWlAAA1"}
{"timestamp": "2024-12-28 20:28:15.396789", "event": "connect", "sid": "EJ1ROHXDcyoLUMZjAAA3"}
{"timestamp": "2024-12-28 20:28:15.566669", "event": "connect", "sid": "LxYgNtU417t6fbKuAAA5"}
{"timestamp": "2024-12-28 20:28:15.821484", "event": "connect", "sid": "9AjNBgJv6kjXN2KqAAA7"}
{"timestamp": "2024-12-28 20:28:15.993830", "event": "connect", "sid": "XWufEm_bZVdN6r-9AAA9"}
{"timestamp": "2024-12-28 20:28:16.165287", "event": "disconnect", "sid": "XWufEm_bZVdN6r-9AAA9"}
{"timestamp": "2024-12-28 20:28:16.292029", "event": "connect", "sid": "dpZALnsCPx5YGmyUAAA_"}
{"timestamp": "2024-12-28 20:28:16.407587", "event": "disconnect", "sid": "dpZALnsCPx5YGmyUAAA_"}
{"timestamp": "2024-12-28 20:28:16.460995", "event": "connect", "sid": "aiAg5oCV3ITfbC3-AABB"}
{"timestamp": "2024-12-28 20:28:16.576886", "event": "disconnect", "sid": "aiAg5oCV3ITfbC3-AABB"}
{"timestamp": "2024-12-28 20:28:16.634457", "event": "connect", "sid": "wvHdArYcKbtTXbAnAABD"}
{"timestamp": "2024-12-28 20:28:16.747630", "event": "disconnect", "sid": "wvHdArYcKbtTXbAnAABD"}
{"timestamp": "2024-12-28 20:28:16.800923", "event": "connect", "sid": "hBHZV3rrGDwoGNK3AABF"}
{"timestamp": "2024-12-28 20:28:16.935826", "event": "disconnect", "sid": "hBHZV3rrGDwoGNK3AABF"}
{"timestamp": "2024-12-28 20:28:17.028201", "event": "connect", "sid": "52Rz1vRiWDymwzbPAABH"}
{"timestamp": "2024-12-28 20:28:17.452963", "event": "connect", "sid": "GZawZtZS2eUVU3o2AABJ"}
{"timestamp": "2024-12-28 20:28:17.564650", "event": "disconnect", "sid": "GZawZtZS2eUVU3o2AABJ"}
{"timestamp": "2024-12-28 20:28:17.614938", "event": "connect", "sid": "OlYiRbywV6EyswsVAABL"}
{"timestamp": "2024-12-28 20:28:17.782609", "event": "connect", "sid": "Mv8jdejw1VS6hmzBAABN"}
{"timestamp": "2024-12-28 20:28:18.056598", "event": "connect", "sid": "4L0WRoyxXzHRCTaPAABP"}
{"timestamp": "2024-12-28 20:28:18.213294", "event": "connect", "sid": "HnpbSwjByA7bAAB7AABR"}
{"timestamp": "2024-12-28 20:28:18.482604", "event": "connect", "sid": "kkd_WjK84Erio0zlAABT"}
{"timestamp": "2024-12-28 20:28:18.665684", "event": "connect", "sid": "bgnpQ2UcFnvmXIw3AABV"}
{"timestamp": "2024-12-28 20:28:18.784089", "event": "disconnect", "sid": "bgnpQ2UcFnvmXIw3AABV"}
{"timestamp": "2024-12-28 20:28:18.836757", "event": "connect", "sid": "Gd8aYgprjQh_D9hmAABX"}
{"timestamp": "2024-12-28 20:28:18.949045", "event": "disconnect", "sid": "Gd8aYgprjQh_D9hmAABX"}
{"timestamp": "2024-12-28 20:28:19.097877", "event": "connect", "sid": "q5utsIENWHO4fXSkAABZ"}
{"timestamp": "2024-12-28 20:28:19.223059", "event": "disconnect", "sid": "q5utsIENWHO4fXSkAABZ"}
{"timestamp": "2024-12-28 20:28:19.322058", "event": "connect", "sid": "D4dfxppbv83z4YjpAABb"}
{"timestamp": "2024-12-28 20:28:19.755350", "event": "connect", "sid": "7_E-o9mvvBBVHwyUAABd"}
{"timestamp": "2024-12-28 20:28:19.870275", "event": "disconnect", "sid": "7_E-o9mvvBBVHwyUAABd"}
{"timestamp": "2024-12-28 20:28:19.988671", "event": "connect", "sid": "-rogR0e74t4FEIP0AABf"}
{"timestamp": "2024-12-28 20:28:20.098864", "event": "disconnect", "sid": "-rogR0e74t4FEIP0AABf"}
{"timestamp": "2024-12-28 20:28:20.172574", "event": "connect", "sid": "3cUIusf1u91DvFWLAABh"}
{"timestamp": "2024-12-28 20:28:20.596878", "event": "connect", "sid": "D_K4eDy6ccUMoYyyAABj"}
{"timestamp": "2024-12-28 20:28:20.709761", "event": "disconnect", "sid": "D_K4eDy6ccUMoYyyAABj"}
{"timestamp": "2024-12-28 20:28:20.757312", "event": "connect", "sid": "apCn0Az-DdFbSf0AAABl"}
{"timestamp": "2024-12-28 20:30:58.303409", "event": "connect", "sid": "W7HLmsEyDAsqM_BLAAAB"}
{"timestamp": "2024-12-28 20:30:58.555047", "event": "connect", "sid": "LUrGNwDPnTB0f3MqAAAD"}
{"timestamp": "2024-12-28 20:30:58.668047", "event": "disconnect", "sid": "LUrGNwDPnTB0f3MqAAAD"}
{"timestamp": "2024-12-28 20:30:58.723411", "event": "connect", "sid": "inBZJtbrY_5NBAAJAAAF"}
{"timestamp": "2024-12-28 20:30:58.834353", "event": "disconnect", "sid": "inBZJtbrY_5NBAAJAAAF"}
{"timestamp": "2024-12-28 20:30:59.076906", "event": "connect", "sid": "VYxN2SIDAJ_aMB2cAAAH"}
{"timestamp": "2024-12-28 20:30:59.251665", "event": "disconnect", "sid": "VYxN2SIDAJ_aMB2cAAAH"}
{"timestamp": "2024-12-28 20:30:59.357215", "event": "connect", "sid": "QJzhdCe5Tguyi0RCAAAJ"}
{"timestamp": "2024-12-28 20:30:59.777455", "event": "connect", "sid": "Qy1xGTo-V_1Xx4ZJAAAL"}
{"timestamp": "2024-12-28 20:30:59.891027", "event": "disconnect", "sid": "Qy1xGTo-V_1Xx4ZJAAAL"}
{"timestamp": "2024-12-28 20:30:59.943382", "event": "connect", "sid": "Felt76YC_S90EHU2AAAN"}
{"timestamp": "2024-12-28 20:31:00.101887", "event": "connect", "sid": "1DkYYSLW6hfZ4rCiAAAP"}
{"timestamp": "2024-12-28 20:31:00.248992", "event": "disconnect", "sid": "1DkYYSLW6hfZ4rCiAAAP"}
{"timestamp": "2024-12-28 20:31:00.352705", "event": "connect", "sid": "ygX0315Mlkx8M2w3AAAR"}
{"timestamp": "2024-12-28 20:31:00.471053", "event": "disconnect", "sid": "ygX0315Mlkx8M2w3AAAR"}
{"timestamp": "2024-12-28 20:31:00.557417", "event": "connect", "sid": "qMupQmw8MqTDVvMQAAAT"}
{"timestamp": "2024-12-28 20:31:00.988086", "event": "connect", "sid": "QP6DFiYtCkJuW6hoAAAV"}
{"timestamp": "2024-12-28 20:31:01.107881", "event": "disconnect", "sid": "QP6DFiYtCkJuW6hoAAAV"}
{"timestamp": "2024-12-28 20:31:01.266236", "event": "connect", "sid": "is-zzSYqx9LZm--GAAAX"}
{"timestamp": "2024-12-28 20:31:01.688709", "event": "connect", "sid": "QtNZnOmlrR7smT2GAAAZ"}
{"timestamp": "2024-12-28 20:31:01.802861", "event": "disconnect", "sid": "QtNZnOmlrR7smT2GAAAZ"}
{"timestamp": "2024-12-28 20:31:01.860639", "event": "connect", "sid": "WZlO0C7X6unTLREkAAAb"}
{"timestamp": "2024-12-28 20:31:02.287209", "event": "connect", "sid": "0A02W-59mO2gX8vaAAAd"}
{"timestamp": "2024-12-28 20:31:02.399529", "event": "disconnect", "sid": "0A02W-59mO2gX8vaAAAd"}
{"timestamp": "2024-12-28 20:31:02.451829", "event": "connect", "sid": "m04UnRawr1KiRhpEAAAf"}
{"timestamp": "2024-12-28 20:31:02.617475", "event": "connect", "sid": "s3Vosgi_yU6XJvqjAAAh"}
{"timestamp": "2024-12-28 20:31:02.870678", "event": "connect", "sid": "1Hde4enCBOiMcT7aAAAj"}
{"timestamp": "2024-12-28 20:31:03.043691", "event": "connect", "sid": "cxGvAAPoQABnRKEQAAAl"}
{"timestamp": "2024-12-28 20:31:03.161729", "event": "disconnect", "sid": "cxGvAAPoQABnRKEQAAAl"}
{"timestamp": "2024-12-28 20:31:03.237634", "event": "connect", "sid": "2CTkuaBrWojIT44tAAAn"}
{"timestamp": "2024-12-28 20:31:03.352340", "event": "disconnect", "sid": "2CTkuaBrWojIT44tAAAn"}
{"timestamp": "2024-12-28 20:31:03.413016", "event": "connect", "sid": "9Z4_CFuDqZyLeFmzAAAp"}
{"timestamp": "2024-12-28 20:31:03.527333", "event": "disconnect", "sid": "9Z4_CFuDqZyLeFmzAAAp"}
{"timestamp": "2024-12-28 20:31:03.579821", "event": "connect", "sid": "_gzCrRKHzmxM4rnlAAAr"}
{"timestamp": "2024-12-28 20:31:03.701404", "event": "disconnect", "sid": "_gzCrRKHzmxM4rnlAAAr"}
{"timestamp": "2024-12-28 20:31:03.766782", "event": "connect", "sid": "MkJtb7ZkoUWrcVDTAAAt"}
{"timestamp": "2024-12-28 20:31:04.192961", "event": "connect", "sid": "Ac4-_kD0JiwDeKqGAAAv"}
{"timestamp": "2024-12-28 20:31:04.306152", "event": "disconnect", "sid": "Ac4-_kD0JiwDeKqGAAAv"}
{"timestamp": "2024-12-28 20:31:04.354049", "event": "connect", "sid": "1b6O52gSxn-aeWhDAAAx"}
{"timestamp": "2024-12-28 20:31:04.565645", "event": "disconnect", "sid": "1b6O52gSxn-aeWhDAAAx"}
{"timestamp": "2024-12-28 20:31:16.858345", "event": "connect", "sid": "mMzKdjSSuFdtd-5oAAAz"}
{"timestamp": "2024-12-28 20:31:17.107198", "event": "connect", "sid": "qWx9G3ijHsTrBreOAAA1"}
{"timestamp": "2024-12-28 20:31:17.363894", "event": "connect", "sid": "BUsPSmgtjFFp4CsPAAA3"}
{"timestamp": "2024-12-28 20:31:17.489724", "event": "disconnect", "sid": "BUsPSmgtjFFp4CsPAAA3"}
{"timestamp": "2024-12-28 20:31:17.587523", "event": "connect", "sid": "mLYBIOceo1IJIO0rAAA5"}
{"timestamp": "2024-12-28 20:31:17.711015", "event": "disconnect", "sid": "mLYBIOceo1IJIO0rAAA5"}
{"timestamp": "2024-12-28 20:31:17.766802", "event": "connect", "sid": "3tMLxo3Ipia8mZXDAAA7"}
{"timestamp": "2024-12-28 20:31:17.881865", "event": "disconnect", "sid": "3tMLxo3Ipia8mZXDAAA7"}
{"timestamp": "2024-12-28 20:31:17.961619", "event": "connect", "sid": "zKfSiksSqByW7WlwAAA9"}
{"timestamp": "2024-12-28 20:31:18.386350", "event": "connect", "sid": "Hkil0dIBkx1Gdjx3AAA_"}
{"timestamp": "2024-12-28 20:31:18.499554", "event": "disconnect", "sid": "Hkil0dIBkx1Gdjx3AAA_"}
{"timestamp": "2024-12-28 20:31:18.775215", "event": "connect", "sid": "MBoarYptOtmuvE_vAABB"}
{"timestamp": "2024-12-28 20:31:18.891930", "event": "disconnect", "sid": "MBoarYptOtmuvE_vAABB"}
{"timestamp": "2024-12-28 20:31:18.998675", "event": "connect", "sid": "cdhLvKEOiZ_DLcmBAABD"}
{"timestamp": "2024-12-28 20:31:48.341587", "event": "disconnect", "sid": "1Hde4enCBOiMcT7aAAAj"}
{"timestamp": "2024-12-28 20:31:49.592668", "event": "disconnect", "sid": "MkJtb7ZkoUWrcVDTAAAt"}
{"timestamp": "2024-12-28 20:31:58.348066", "event": "disconnect", "sid": "W7HLmsEyDAsqM_BLAAAB"}
{"timestamp": "2024-12-28 20:31:59.777132", "event": "disconnect", "sid": "QJzhdCe5Tguyi0RCAAAJ"}
{"timestamp": "2024-12-28 20:32:01.206224", "event": "disconnect", "sid": "Felt76YC_S90EHU2AAAN"}
{"timestamp": "2024-12-28 20:32:02.635456", "event": "disconnect", "sid": "qMupQmw8MqTDVvMQAAAT"}
{"timestamp": "2024-12-28 20:32:04.064536", "event": "disconnect", "sid": "is-zzSYqx9LZm--GAAAX"}
{"timestamp": "2024-12-28 20:32:05.493595", "event": "disconnect", "sid": "WZlO0C7X6unTLREkAAAb"}
{"timestamp": "2024-12-28 20:32:06.922705", "event": "disconnect", "sid": "m04UnRawr1KiRhpEAAAf"}
{"timestamp": "2024-12-28 20:32:08.351881", "event": "disconnect", "sid": "s3Vosgi_yU6XJvqjAAAh"}
{"timestamp": "2024-12-28 20:32:12.639885", "event": "disconnect", "sid": "mMzKdjSSuFdtd-5oAAAz"}
{"timestamp": "2024-12-28 20:32:14.068955", "event": "disconnect", "sid": "qWx9G3ijHsTrBreOAAA1"}
{"timestamp": "2024-12-28 20:32:15.498078", "event": "disconnect", "sid": "zKfSiksSqByW7WlwAAA9"}
{"timestamp": "2024-12-28 20:32:16.927223", "event": "disconnect", "sid": "cdhLvKEOiZ_DLcmBAABD"}
